
regions\6100-02-708->QAZwsx056->YES
regions\6100-02-708->QAZwsx059->YES
regions\6100-02-708->QAZwsx059->YES
regions\6100-02-708->QAZwsx059->YES
regions\6100-02-708->QAZwsx059*->YES
regions\6100-02-708->QAZwsx059*->YES
regions\6100-02-708->QAZwsx059*->YES
regions\6100-02-708->QAZwsx059*->YES
regions\6100-02-708->QAZwsx059*->YES
regions\6100-02-708->QAZwsx059*->YES
regions\6100-02-708->QAZwsx059*->YES
regions\6100-02-708->QAZwsx059*->YES
regions\6100-02-708->QAZwsx059*->YES
regions\6100-02-708->QAZwsx059*->YES
regions\6100-02-708->QAZwsx059*->YES
regions\6100-02-708->QAZwsx059*->YES
regions\6100-02-708->QAZwsx059*->YES
regions\6100-02-708->QAZwsx059*->YES
regions\6100-02-708->QAZwsx059*->YES
regions\6100-02-708->QAZwsx059*->YES
regions\6100-02-708->QAZwsx059*->YES
regions\6100-02-708->QAZwsx059*->YES
regions\6100-02-708->QAZwsx059*->YES
regions\6100-02-708->QAZwsx059*->YES
regions\6100-02-708->QAZwsx059*->YES
regions\6100-02-708->QAZwsx059*->YES
regions\6100-02-708->QAZwsx059*->YES
regions\6100-02-708->QAZwsx059*->YES
regions\6100-02-708->QAZwsx059*->YES
regions\6100-02-708->QAZwsx059*->YES
regions\6100-02-708->QAZwsx059*->YES
regions\6100-02-708->QAZwsx059*->YES
regions\6100-02-708->QAZwsx059*->YES
regions\6100-02-708->QAZwsx059*->YES
regions\6100-02-708->QAZwsx059*->YES
regions\6100-02-708->QAZwsx059*->YES
regions\6100-02-708->QAZwsx059*->YES
regions\6100-02-708->QAZwsx059*->YES
regions\6100-02-708->QAZwsx060->YES
regions\6100-02-708->QAZwsx060->YES
regions\6100-02-708->QAZwsx060->YES
regions\6100-02-708->QAZwsx060->YES
regions\6100-02-708->QAZwsx060->YES
regions\6100-02-708->QAZwsx060->YES
regions\6100-02-708->QAZwsx060->YES
regions\6100-02-708->QAZwsx060->YES
regions\6100-02-708->QAZwsx060->YES
regions\6100-02-708->QAZwsx060->YES
regions\6100-02-708->QAZwsx060->YES
regions\6100-02-708->QAZwsx060->YES
regions\6100-02-708->QAZwsx060->YES
regions\6100-02-708->QAZwsx060->YES
regions\6100-02-708->QAZwsx060->YES
regions\6100-02-708->QAZwsx060->YES
regions\6100-02-708->QAZwsx060->YES
regions\6100-02-708->QAZwsx060->YES
regions\6100-02-708->QAZwsx060->YES
regions\6100-02-708->QAZwsx060->YES
regions\6100-02-708->QAZwsx060->YES
regions\6100-02-708->QAZwsx060->YES
regions\6100-02-708->QAZwsx060->YES
regions\6100-02-708->QAZwsx060->YES
regions\6100-02-708->QAZwsx060->YES
regions\6100-02-708->QAZwsx061->YES
regions\6100-02-708->QAZwsx061->YES
regions\6100-02-708->QAZwsx061->YES
regions\6100-02-708->QAZwsx061->YES
regions\6100-02-708->QAZwsx061->YES
regions\6100-02-708->QAZwsx061->YES
regions\6100-02-708->QAZwsx061->YES
regions\6100-02-708->QAZwsx061->YES
regions\6100-02-708->QAZwsx061->YES
regions\6100-02-708->QAZwsx061->YES
regions\6100-02-708->QAZwsx061->YES
regions\6100-02-708->QAZwsx061->YES
regions\6100-02-708->QAZwsx061->YES
regions\6100-02-708->QAZwsx061->YES
regions\6100-02-708->QAZwsx061->YES
regions\6100-02-708->QAZwsx061->YES
regions\6100-02-708->QAZwsx061->YES
regions\6100-02-708->QAZwsx061->YES
regions\6100-02-708->QAZwsx061->YES
regions\6100-02-708->QAZwsx061->YES
regions\6100-02-708->QAZwsx061->YES
regions\6100-02-708->QAZwsx061->YES
regions\6100-02-708->QAZwsx061->YES
regions\6100-02-708->QAZwsx061->YES
regions\6100-02-708->QAZwsx061->YES
regions\6100-02-708->QAZwsx061->YES
regions\6100-02-708->QAZwsx061->NO
Invalid credentials
regions\6100-02-708->QAZwsx062->YES
regions\6100-02-708->QAZwsx062->YES
regions\6100-02-708->QAZwsx062->YES
regions\6100-02-708->QAZwsx062->YES
regions\6100-02-708->QAZwsx062->YES
regions\6100-02-708->QAZwsx062->YES
regions\6100-02-708->QAZwsx062->YES
regions\6100-02-708->QAZwsx062->YES
regions\6100-02-708->QAZwsx062->YES
regions\6100-02-708->QAZwsx062->YES
regions\6100-02-708->QAZwsx062->YES
regions\6100-02-708->QAZwsx062->YES
regions\6100-02-708->QAZwsx062->YES
regions\6100-02-708->QAZwsx062->YES
regions\6100-02-708->QAZwsx062->YES
regions\6100-02-708->QAZwsx062->YES
regions\6100-02-708->QAZwsx062->YES
regions\6100-02-708->QAZwsx062->YES
regions\6100-02-708->QAZwsx062->YES
regions\6100-02-708->QAZwsx062->YES
regions\6100-02-708->QAZwsx062->YES
regions\6100-02-708->QAZwsx062->YES
regions\6100-02-708->QAZwsx062->YES
regions\6100-02-708->QAZwsx062->YES
regions\6100-02-708->QAZwsx062->YES
regions\6100-02-708->QAZwsx062->YES
regions\6100-02-708->QAZwsx062->YES
regions\6100-02-708->QAZwsx062->YES
regions\6100-02-708->QAZwsx062->YES
regions\6100-02-708->QAZwsx062->YES
regions\6100-02-708->QAZwsx062->NO
Invalid credentials
regions\6100-02-708->QAZwsx063->YES
regions\6100-02-708->QAZwsx063->YES
regions\6100-02-708->QAZwsx063->YES
regions\6100-02-708->QAZwsx063->YES
regions\6100-02-708->QAZwsx063->YES
regions\6100-02-708->QAZwsx063->YES
regions\6100-02-708->QAZwsx063->YES
regions\6100-02-708->QAZwsx063->YES
regions\6100-02-708->QAZwsx063->YES
regions\6100-02-708->QAZwsx063->YES
regions\6100-02-708->QAZwsx063->YES
regions\6100-02-708->QAZwsx063->YES
regions\6100-02-708->QAZwsx063->NO
Can't contact LDAP server
regions\6100-02-708->QAZwsx063
regions\6100-02-708->QAZwsx063
regions\6100-02-708->QAZwsx063->NO
Can't contact LDAP server->NO
Can't contact LDAP server->NO
Can't contact LDAP server
regions\6100-02-708->QAZwsx063->NO
Can't contact LDAP server
regions\6100-02-708->QAZwsx063->NO
Can't contact LDAP server
regions\6100-02-708->QAZwsx063->YES
regions\6100-02-708->QAZwsx063->YES
regions\6100-02-708->QAZwsx063->YES
regions\6100-02-708->QAZwsx063->YES
regions\6100-02-708->QAZwsx063->YES
regions\6100-02-708->QAZwsx063->YES
regions\6100-02-708->QAZwsx063->YES
regions\6100-02-708->QAZwsx063->YES
regions\6100-02-708->QAZwsx063->YES
regions\6100-02-708->QAZwsx063->YES
regions\6100-02-708->QAZwsx063->YES
regions\6100-02-708->QAZwsx063->YES
regions\6100-02-708->QAZwsx063->YES
regions\6100-02-708->QAZwsx063->YES
regions\6100-02-708->QAZwsx063->NO
Invalid credentials
regions\6100-02-708->QAZwsx064->YES
regions\6100-02-708->QAZwsx064->YES
regions\6100-04-225->Dflbvrf202309->YES
regions\6100-04-864->Gfhjkm@0125*->YES